0 info it worked if it ends with ok
1 verbose cli [ '/usr/bin/node', '/usr/bin/npm', 'install', 'webpack-g' ]
2 info using npm@1.4.28
3 info using node@v0.10.38
4 verbose node symlink /usr/bin/node
5 warn package.json srm-frontend@1.0.0 No repository field.
6 warn package.json srm-frontend@1.0.0 No README data
7 verbose readDependencies using package.json deps
8 verbose cache add [ 'webpack-g', null ]
9 verbose cache add name=undefined spec="webpack-g" args=["webpack-g",null]
10 verbose parsed url { protocol: null,
10 verbose parsed url   slashes: null,
10 verbose parsed url   auth: null,
10 verbose parsed url   host: null,
10 verbose parsed url   port: null,
10 verbose parsed url   hostname: null,
10 verbose parsed url   hash: null,
10 verbose parsed url   search: null,
10 verbose parsed url   query: null,
10 verbose parsed url   pathname: 'webpack-g',
10 verbose parsed url   path: 'webpack-g',
10 verbose parsed url   href: 'webpack-g' }
11 silly lockFile e3bfca5d-webpack-g webpack-g
12 verbose lock webpack-g /root/.npm/e3bfca5d-webpack-g.lock
13 silly lockFile e3bfca5d-webpack-g webpack-g
14 silly lockFile e3bfca5d-webpack-g webpack-g
15 verbose addNamed [ 'webpack-g', '' ]
16 verbose addNamed [ null, '*' ]
17 silly lockFile 46301459-webpack-g webpack-g@
18 verbose lock webpack-g@ /root/.npm/46301459-webpack-g.lock
19 silly addNameRange { name: 'webpack-g', range: '*', hasData: false }
20 verbose request where is /webpack-g
21 verbose request registry https://registry.npmjs.org/
22 verbose request id a72494dd358d5619
23 verbose url raw /webpack-g
24 verbose url resolving [ 'https://registry.npmjs.org/', './webpack-g' ]
25 verbose url resolved https://registry.npmjs.org/webpack-g
26 verbose request where is https://registry.npmjs.org/webpack-g
27 info trying registry request attempt 1 at 19:04:19
28 http GET https://registry.npmjs.org/webpack-g
29 http 404 https://registry.npmjs.org/webpack-g
30 silly registry.get cb [ 404,
30 silly registry.get   { 'content-type': 'application/json',
30 silly registry.get     'cache-control': 'max-age=0',
30 silly registry.get     'content-length': '2',
30 silly registry.get     'accept-ranges': 'bytes',
30 silly registry.get     date: 'Mon, 24 Aug 2015 19:04:21 GMT',
30 silly registry.get     via: '1.1 varnish',
30 silly registry.get     age: '0',
30 silly registry.get     connection: 'keep-alive',
30 silly registry.get     'x-served-by': 'cache-ams4125-AMS',
30 silly registry.get     'x-cache': 'MISS',
30 silly registry.get     'x-cache-hits': '0',
30 silly registry.get     'x-timer': 'S1440443061.538580,VS0,VE168' } ]
31 silly lockFile 46301459-webpack-g webpack-g@
32 silly lockFile 46301459-webpack-g webpack-g@
33 error 404 Not Found
33 error 404
33 error 404 'webpack-g' is not in the npm registry.
33 error 404 You should bug the author to publish it
33 error 404 It was specified as a dependency of 'srm-frontend'
33 error 404
33 error 404 Note that you can also install from a
33 error 404 tarball, folder, or http url, or git url.
34 error System Linux 3.13.0-45-generic
35 error command "/usr/bin/node" "/usr/bin/npm" "install" "webpack-g"
36 error cwd /www
37 error node -v v0.10.38
38 error npm -v 1.4.28
39 error code E404
40 verbose exit [ 1, true ]
